Cut 0: All events before derivations (DerivationStat_Weights) = 3651777   
Cut 1: All events in derivation/ntuple = 109669    
Cut 2: GRL (for data only) = 84833     
Cut 3: Trigger       = 47539     
Cut 4: Global flags (data only) = 47537     
Cut 5: Jet and muon cleaning = 45066     
Cut 6: Primary Vertex = 45066     
Cut 7: Cosmics veto  = 42344     
Cut 8: ≥ 2 baseline leptons (>10 GeV) = 117       
Cut 9: ≥ 2 signal leptons (>20 GeV) = 32        
**********
Cut 10: Channel selection (20, 20 GeV): el-el = 0         
Cut 11: Trigger: el-el = 0         
Cut 12: ml1l2 > 12 GeV: el-el = 0         
Cut 13: ≥ 1 b jet (>20 GeV): el-el = 0         
Cut 14: ≥ 4 jets (>50GeV): el-el = 0         
Cut 15: Same sign leptons: el-el = 0         
Cut 16: MET > 150 GeV: el-el = 0         
**********
Cut 10: Channel selection (20, 20 GeV): el-mu = 0         
Cut 11: Trigger: el-mu = 0         
Cut 12: ml1l2 > 12 GeV: el-mu = 0         
Cut 13: ≥ 1 b jet (>20 GeV): el-mu = 0         
Cut 14: ≥ 4 jets (>50GeV): el-mu = 0         
Cut 15: Same sign leptons: el-mu = 0         
Cut 16: MET > 150 GeV: el-mu = 0         
**********
Cut 10: Channel selection (20, 20 GeV): mu-mu = 0         
Cut 11: Trigger: mu-mu = 0         
Cut 12: ml1l2 > 12 GeV: mu-mu = 0         
Cut 13: ≥ 1 b jet (>20 GeV): mu-mu = 0         
Cut 14: ≥ 4 jets (>50GeV): mu-mu = 0         
Cut 15: Same sign leptons: mu-mu = 0         
Cut 16: MET > 150 GeV: mu-mu = 0         
