3c3
< // Thu May 26 14:45:00 2016 by ROOT version 6.04/16
---
> // Mon Jun 20 23:47:04 2016 by ROOT version 6.04/16
5c5
< // found on file: user.jpoveda.8482167._000001.output.root
---
> // found on file: user.jpoveda.8707424._000001.output.root
18c18,20
< using std::vector;
---
> #include "vector"
> #include "vector"
> #include "vector"
28a31
>    Bool_t          HLT_e24_lhmedium_nod0_L1EM20VH;
55a59
>    Bool_t          HLT_mu20_2mu4noL1;
85a90
>    Double_t        PRWWeight;
125c130
<    vector<bool>    *Mu_trigMatch_mu18_mu8noL1;
---
>    vector<bool>    *Mu_trigMatch_mu8noL1;
127a133,137
>    vector<bool>    *Mu_trigMatch_mu18_mu8noL1;
>    vector<bool>    *Mu_trigMatch_e17_lhloose_mu14;
>    vector<bool>    *Mu_trigMatch_e17_lhloose_nod0_mu14;
>    vector<bool>    *Mu_trigMatch_mu20_mu8noL1;
>    vector<bool>    *Mu_trigMatch_mu22_mu8noL1;
140c150
<    vector<float>   *El_IsoSFwTightLH;
---
>    vector<float>   *El_IsoSFwMediumLH;
144,146c154,155
<    vector<double>  *El_SFwTrigTightLH_e12_lhloose_L1EM10VH;
<    vector<double>  *El_SFwTrigTightLH_e17_lhloose;
<    vector<double>  *El_SFwTrigTightLH_single;
---
>    vector<double>  *El_SFwTrigMediumLH_e17_lhloose;
>    vector<double>  *El_SFwTrigMediumLH_single;
177a187,193
>    vector<bool>    *El_trigMatch_2e12_lhloose_L12EM10VH;
>    vector<bool>    *El_trigMatch_2e15_lhloose_L12EM10VH;
>    vector<bool>    *El_trigMatch_2e15_lhvloose_L12EM13VH;
>    vector<bool>    *El_trigMatch_2e15_lhvloose_nod0_L12EM13VH;
>    vector<bool>    *El_trigMatch_2e17_lhvloose_nod0_L12EM15VH;
>    vector<bool>    *El_trigMatch_e17_lhloose_mu14;
>    vector<bool>    *El_trigMatch_e17_lhloose_nod0_mu14;
236a253
>    TBranch        *b_HLT_e24_lhmedium_nod0_L1EM20VH;   //!
263a281
>    TBranch        *b_HLT_mu20_2mu4noL1;   //!
293a312
>    TBranch        *b_PRWWeight;   //!
333c352
<    TBranch        *b_Mu_trigMatch_mu18_mu8noL1;   //!
---
>    TBranch        *b_Mu_trigMatch_mu8noL1;   //!
335a355,359
>    TBranch        *b_Mu_trigMatch_mu18_mu8noL1;   //!
>    TBranch        *b_Mu_trigMatch_e17_lhloose_mu14;   //!
>    TBranch        *b_Mu_trigMatch_e17_lhloose_nod0_mu14;   //!
>    TBranch        *b_Mu_trigMatch_mu20_mu8noL1;   //!
>    TBranch        *b_Mu_trigMatch_mu22_mu8noL1;   //!
348c372
<    TBranch        *b_El_IsoSFwTightLH;   //!
---
>    TBranch        *b_El_IsoSFwMediumLH;   //!
352,354c376,377
<    TBranch        *b_El_SFwTrigTightLH_e12_lhloose_L1EM10VH;   //!
<    TBranch        *b_El_SFwTrigTightLH_e17_lhloose;   //!
<    TBranch        *b_El_SFwTrigTightLH_single;   //!
---
>    TBranch        *b_El_SFwTrigMediumLH_e17_lhloose;   //!
>    TBranch        *b_El_SFwTrigMediumLH_single;   //!
385a409,415
>    TBranch        *b_El_trigMatch_2e12_lhloose_L12EM10VH;   //!
>    TBranch        *b_El_trigMatch_2e15_lhloose_L12EM10VH;   //!
>    TBranch        *b_El_trigMatch_2e15_lhvloose_L12EM13VH;   //!
>    TBranch        *b_El_trigMatch_2e15_lhvloose_nod0_L12EM13VH;   //!
>    TBranch        *b_El_trigMatch_2e17_lhvloose_nod0_L12EM15VH;   //!
>    TBranch        *b_El_trigMatch_e17_lhloose_mu14;   //!
>    TBranch        *b_El_trigMatch_e17_lhloose_nod0_mu14;   //!
508c538
<    Mu_trigMatch_mu18_mu8noL1 = 0;
---
>    Mu_trigMatch_mu8noL1 = 0;
510a541,545
>    Mu_trigMatch_mu18_mu8noL1 = 0;
>    Mu_trigMatch_e17_lhloose_mu14 = 0;
>    Mu_trigMatch_e17_lhloose_nod0_mu14 = 0;
>    Mu_trigMatch_mu20_mu8noL1 = 0;
>    Mu_trigMatch_mu22_mu8noL1 = 0;
522c557
<    El_IsoSFwTightLH = 0;
---
>    El_IsoSFwMediumLH = 0;
526,528c561,562
<    El_SFwTrigTightLH_e12_lhloose_L1EM10VH = 0;
<    El_SFwTrigTightLH_e17_lhloose = 0;
<    El_SFwTrigTightLH_single = 0;
---
>    El_SFwTrigMediumLH_e17_lhloose = 0;
>    El_SFwTrigMediumLH_single = 0;
559a594,600
>    El_trigMatch_2e12_lhloose_L12EM10VH = 0;
>    El_trigMatch_2e15_lhloose_L12EM10VH = 0;
>    El_trigMatch_2e15_lhvloose_L12EM13VH = 0;
>    El_trigMatch_2e15_lhvloose_nod0_L12EM13VH = 0;
>    El_trigMatch_2e17_lhvloose_nod0_L12EM15VH = 0;
>    El_trigMatch_e17_lhloose_mu14 = 0;
>    El_trigMatch_e17_lhloose_nod0_mu14 = 0;
592a634
>    fChain->SetBranchAddress("HLT_e24_lhmedium_nod0_L1EM20VH", &HLT_e24_lhmedium_nod0_L1EM20VH, &b_HLT_e24_lhmedium_nod0_L1EM20VH);
619a662
>    fChain->SetBranchAddress("HLT_mu20_2mu4noL1", &HLT_mu20_2mu4noL1, &b_HLT_mu20_2mu4noL1);
649a693
>    fChain->SetBranchAddress("PRWWeight", &PRWWeight, &b_PRWWeight);
689c733
<    fChain->SetBranchAddress("Mu_trigMatch_mu18_mu8noL1", &Mu_trigMatch_mu18_mu8noL1, &b_Mu_trigMatch_mu18_mu8noL1);
---
>    fChain->SetBranchAddress("Mu_trigMatch_mu8noL1", &Mu_trigMatch_mu8noL1, &b_Mu_trigMatch_mu8noL1);
691a736,740
>    fChain->SetBranchAddress("Mu_trigMatch_mu18_mu8noL1", &Mu_trigMatch_mu18_mu8noL1, &b_Mu_trigMatch_mu18_mu8noL1);
>    fChain->SetBranchAddress("Mu_trigMatch_e17_lhloose_mu14", &Mu_trigMatch_e17_lhloose_mu14, &b_Mu_trigMatch_e17_lhloose_mu14);
>    fChain->SetBranchAddress("Mu_trigMatch_e17_lhloose_nod0_mu14", &Mu_trigMatch_e17_lhloose_nod0_mu14, &b_Mu_trigMatch_e17_lhloose_nod0_mu14);
>    fChain->SetBranchAddress("Mu_trigMatch_mu20_mu8noL1", &Mu_trigMatch_mu20_mu8noL1, &b_Mu_trigMatch_mu20_mu8noL1);
>    fChain->SetBranchAddress("Mu_trigMatch_mu22_mu8noL1", &Mu_trigMatch_mu22_mu8noL1, &b_Mu_trigMatch_mu22_mu8noL1);
704c753
<    fChain->SetBranchAddress("El_IsoSFwTightLH", &El_IsoSFwTightLH, &b_El_IsoSFwTightLH);
---
>    fChain->SetBranchAddress("El_IsoSFwMediumLH", &El_IsoSFwMediumLH, &b_El_IsoSFwMediumLH);
708,710c757,758
<    fChain->SetBranchAddress("El_SFwTrigTightLH_e12_lhloose_L1EM10VH", &El_SFwTrigTightLH_e12_lhloose_L1EM10VH, &b_El_SFwTrigTightLH_e12_lhloose_L1EM10VH);
<    fChain->SetBranchAddress("El_SFwTrigTightLH_e17_lhloose", &El_SFwTrigTightLH_e17_lhloose, &b_El_SFwTrigTightLH_e17_lhloose);
<    fChain->SetBranchAddress("El_SFwTrigTightLH_single", &El_SFwTrigTightLH_single, &b_El_SFwTrigTightLH_single);
---
>    fChain->SetBranchAddress("El_SFwTrigMediumLH_e17_lhloose", &El_SFwTrigMediumLH_e17_lhloose, &b_El_SFwTrigMediumLH_e17_lhloose);
>    fChain->SetBranchAddress("El_SFwTrigMediumLH_single", &El_SFwTrigMediumLH_single, &b_El_SFwTrigMediumLH_single);
741a790,796
>    fChain->SetBranchAddress("El_trigMatch_2e12_lhloose_L12EM10VH", &El_trigMatch_2e12_lhloose_L12EM10VH, &b_El_trigMatch_2e12_lhloose_L12EM10VH);
>    fChain->SetBranchAddress("El_trigMatch_2e15_lhloose_L12EM10VH", &El_trigMatch_2e15_lhloose_L12EM10VH, &b_El_trigMatch_2e15_lhloose_L12EM10VH);
>    fChain->SetBranchAddress("El_trigMatch_2e15_lhvloose_L12EM13VH", &El_trigMatch_2e15_lhvloose_L12EM13VH, &b_El_trigMatch_2e15_lhvloose_L12EM13VH);
>    fChain->SetBranchAddress("El_trigMatch_2e15_lhvloose_nod0_L12EM13VH", &El_trigMatch_2e15_lhvloose_nod0_L12EM13VH, &b_El_trigMatch_2e15_lhvloose_nod0_L12EM13VH);
>    fChain->SetBranchAddress("El_trigMatch_2e17_lhvloose_nod0_L12EM15VH", &El_trigMatch_2e17_lhvloose_nod0_L12EM15VH, &b_El_trigMatch_2e17_lhvloose_nod0_L12EM15VH);
>    fChain->SetBranchAddress("El_trigMatch_e17_lhloose_mu14", &El_trigMatch_e17_lhloose_mu14, &b_El_trigMatch_e17_lhloose_mu14);
>    fChain->SetBranchAddress("El_trigMatch_e17_lhloose_nod0_mu14", &El_trigMatch_e17_lhloose_nod0_mu14, &b_El_trigMatch_e17_lhloose_nod0_mu14);
